info: CFQv1.0-NFMirrorv1.0__2023-8-31_1-46-57
info: CFQv1.0-NFMirrorv1.0__2023-8-31_1-49-9
info: CFQv1.0-NFMirrorv1.0__2023-8-31_1-49-29
info: cfqv1.0-nfmirrorv1.0__2023-8-31_1-51-30
info: nfmirrorv1.0-cfqv1.0__2023-8-31_1-51-45
info: cfqv1.0-nfmirrorv1.0__2023-8-31_3-28-34
info: nfmirrorv1.0__2023-8-31_3-30-58
info: nfmirrorv1.0__2023-8-31_3-33-32
info: __2023-8-31_3-39-14
info: __2023-8-31_3-39-45
info: __2023-8-31_3-39-53
info: __2023-8-31_3-39-53
info: dellcfqapiversionv1.0__2023-8-31_3-46-1
info: dellcustomnfmirrortoolversionv1.0-dellcfqapiversionv1.0__2023-8-31_3-46-17
info: dellcustomnfmirrortoolversionv1.0-dellcfqapiversionv1.0__2023-8-31_11-32-8
info: dellcfqapiversionv1.0dellcustomnfmirrortoolversionv1.0__2023-8-31_11-32-37
info: dellcfqapiversionv1.0dellcustomnfmirrortoolversionv1.0__2023-8-31_11-32-55
info: api8549d0066fa742bdb920e6ae2e962bae-api138f60101ff44dc7b15ac6a129dc55a4__2023-8-31_11-45-37
info: api138f60101ff44dc7b15ac6a129dc55a4-api8549d0066fa742bdb920e6ae2e962bae__2023-8-31_11-45-54
info: dellcfqapiversionv1.0-dellcustomnfmirrortoolversionv1.0__2023-8-31_11-48-22
info: dellcfqapiversionv1.0-dellcustomnfmirrortoolversionv1.0__2023-8-31_11-50-14
info: __2023-8-31_11-50-38
info: __2023-8-31_11-51-9
info: __2023-8-31_11-52-2
info: __2023-8-31_11-52-30
info: __2023-8-31_11-55-17
info: dellcustomnfmirrortoolversionv1.0-dellcfqapiversionv1.0__2023-8-31_11-56-17
info: dellcustomnfmirrortoolversionv1.0-dellcfqapiversionv1.0__2023-8-31_11-56-17
info: __2023-8-31_11-56-48
info: __2023-8-31_11-57-24
info: __2023-8-31_11-59-48
info: __2023-8-31_12-0-5
info: dellcfqapiversionv1.0__2023-8-31_12-0-28
info: dellcustomnfmirrortoolversionv1.0-dellcfqapiversionv1.0__2023-8-31_12-0-49
info: dellcustomnfmirrortoolversionv1.0-dellcfqapiversionv1.0__2023-8-31_14-58-50
info: dellcustomnfmirrortoolversionv1.0-dellcfqapiversionv1.0__2023-8-31_14-59-7
info: dellcustomnfmirrortoolversionv1.0-dellcfqapiversionv1.0__2023-8-31_15-0-35
info: nfmirrorv1.0-cfqv1.0__2023-8-31_15-3-32
info: nfmirrorv1.0-cfqv1.0__2023-8-31_15-3-39
info: dellcustomnfmirrortoolversionv1.0-dellcfqapiversionv1.0__2023-8-31_15-4-44
info: dellcustomnfmirrortoolversionv1.0-dellcfqapiversionv1.0__2023-8-31_15-7-33
info: dellcfqapiversionv1.0-dellcustomnfmirrortoolversionv1.0__2023-8-31_15-26-22
info: dellcustomnfmirrortoolversionv1.0-dellcfqapiversionv1.0__2023-8-31_15-47-14
info: cfqv1.0-nfmirrorv1.0__2023-8-31_15-57-40
info: cfqv1.0-nfmirrorv1.0__2023-8-31_16-0-13
info: cfqv1.0-nfmirrorv1.0__2023-8-31_16-6-54
info: cfqv1.0-nfmirrorv1.0__2023-8-31_16-6-59
info: cfqv1.0-nfmirrorv1.0__2023-8-31_16-9-25
info: cfqv1.0-nfmirrorv1.0__2023-8-31_16-18-29
info: dellcustomnfmirrortoolversionv1.0-dellcfqapiversionv1.0__2023-8-31_16-23-22
info: dellcfqapiversionv1.0-dellcustomnfmirrortoolversionv1.0__2023-8-31_16-45-52
info: __2023-8-31_17-15-22
info: nfmirrorv1.0-cfqv1.0__2023-8-31_17-15-28
info: cfqv1.0-nfmirrorv1.0__2023-8-31_17-41-5
info: nfmirrorv1.0-cfqv1.0__2023-8-31_17-41-15
info: nfmirrorv1.0-cfqv1.0__2023-8-31_17-42-28
info: cfqv1.0-nfmirrorv1.0__2023-8-31_17-43-1
info: cfqv1.0-nfmirrorv1.0__2023-8-31_17-43-8
info: cfqv1.0-nfmirrorv1.0__2023-8-31_17-43-39
info: cfqv1.0-nfmirrorv1.0__2023-8-31_17-43-41
info: cfqv1.0-nfmirrorv1.0__2023-8-31_17-43-48
info: cfqv1.0-nfmirrorv1.0__2023-8-31_17-44-14
info: nfmirrorv1.0-cfqv1.0__2023-8-31_17-44-15
info: nfmirrorv1.0-cfqv1.0__2023-8-31_17-44-24
info: cfqv1.0-nfmirrorv1.0__2023-8-31_17-45-20
info: cfqv1.0-nfmirrorv1.0__2023-8-31_17-46-36
info: nfmirrorv1.0-cfqv1.0__2023-8-31_17-46-46
info: nfmirrorv1.0-cfqv1.0__2023-8-31_17-47-34
